[15-Sep-2013 23:49:52] PHP Warning:  imap_open(): Couldn't open stream {imap.gmail.com:993/imap/ssl/debug}INBOX in /home/sdyer/CQP-ACE/stu/robot/email.inc.php on line 44
[15-Sep-2013 23:53:32] PHP Warning:  imap_open(): Couldn't open stream {imap.gmail.com:993/imap/ssl/debug}INBOX in /home/sdyer/CQP-ACE/stu/robot/email.inc.php on line 44
[15-Sep-2013 23:55:21] PHP Warning:  imap_open(): Couldn't open stream {imap.gmail.com:993/imap/ssl/debug}INBOX in /home/sdyer/CQP-ACE/stu/robot/email.inc.php on line 44
[15-Sep-2013 23:57:13] PHP Warning:  imap_open(): Couldn't open stream {imap.gmail.com:993/imap/ssl/debug}INBOX in /home/sdyer/CQP-ACE/stu/robot/email.inc.php on line 44
[15-Sep-2013 23:58:09] PHP Warning:  imap_open(): Couldn't open stream {imap.gmail.com:993/imap/ssl/debug}INBOX in /home/sdyer/CQP-ACE/stu/robot/email.inc.php on line 44
[16-Sep-2013 00:01:04] PHP Warning:  imap_open(): Couldn't open stream {imap.gmail.com:993/imap/ssl/debug}INBOX in /home/sdyer/CQP-ACE/stu/robot/email.inc.php on line 44
[16-Sep-2013 00:09:19] PHP Warning:  imap_open(): Couldn't open stream {imap.gmail.com:993/imap/ssl/debug}INBOX in /home/sdyer/CQP-ACE/stu/robot/email.inc.php on line 44
[16-Sep-2013 00:10:27] PHP Warning:  imap_open(): Couldn't open stream {imap.gmail.com:993/imap/ssl/debug}INBOX in /home/sdyer/CQP-ACE/stu/robot/email.inc.php on line 44
[16-Sep-2013 00:11:22] PHP Notice:  Undefined property: stdClass::$from in /home/sdyer/CQP-ACE/stu/robot/email.inc.php on line 227
[16-Sep-2013 00:11:22] PHP Notice:  Trying to get property of non-object in /home/sdyer/CQP-ACE/stu/robot/email.inc.php on line 227
[16-Sep-2013 00:11:22] PHP Notice:  Undefined property: stdClass::$from in /home/sdyer/CQP-ACE/stu/robot/email.inc.php on line 227
[16-Sep-2013 00:11:22] PHP Notice:  Trying to get property of non-object in /home/sdyer/CQP-ACE/stu/robot/email.inc.php on line 227
[16-Sep-2013 00:11:23] PHP Warning:  include_once(Net/SMTP.php): failed to open stream: No such file or directory in /usr/share/pear/Mail/smtp.php on line 348
[16-Sep-2013 00:11:23] PHP Warning:  include_once(): Failed opening 'Net/SMTP.php' for inclusion (include_path='.:/usr/share/pear:/usr/share/php') in /usr/share/pear/Mail/smtp.php on line 348
[16-Sep-2013 00:11:23] PHP Fatal error:  Class 'Net_SMTP' not found in /usr/share/pear/Mail/smtp.php on line 349
[16-Sep-2013 00:11:23] PHP Notice:  Unknown: Must use comma to separate addresses: for kids (errflg=3) in Unknown on line 0
[16-Sep-2013 00:12:57] PHP Notice:  Undefined property: stdClass::$from in /home/sdyer/CQP-ACE/stu/robot/email.inc.php on line 227
[16-Sep-2013 00:12:57] PHP Notice:  Trying to get property of non-object in /home/sdyer/CQP-ACE/stu/robot/email.inc.php on line 227
[16-Sep-2013 00:12:57] PHP Notice:  Undefined property: stdClass::$from in /home/sdyer/CQP-ACE/stu/robot/email.inc.php on line 227
[16-Sep-2013 00:12:57] PHP Notice:  Trying to get property of non-object in /home/sdyer/CQP-ACE/stu/robot/email.inc.php on line 227
[16-Sep-2013 00:13:00] PHP Notice:  Unknown: Must use comma to separate addresses: boots clearance uk sale (errflg=3) in Unknown on line 0
[16-Sep-2013 00:18:31] PHP Notice:  Undefined property: stdClass::$from in /home/sdyer/CQP-ACE/stu/robot/email.inc.php on line 229
[16-Sep-2013 00:18:31] PHP Notice:  Trying to get property of non-object in /home/sdyer/CQP-ACE/stu/robot/email.inc.php on line 229
[16-Sep-2013 00:18:31] PHP Notice:  Undefined property: stdClass::$from in /home/sdyer/CQP-ACE/stu/robot/email.inc.php on line 229
[16-Sep-2013 00:18:31] PHP Notice:  Trying to get property of non-object in /home/sdyer/CQP-ACE/stu/robot/email.inc.php on line 229
[16-Sep-2013 00:18:33] PHP Notice:  Unknown: Must use comma to separate addresses: Pas Cher (errflg=3) in Unknown on line 0
[16-Sep-2013 00:24:42] PHP Warning:  imap_open(): Couldn't open stream {imap.gmail.com:993/imap/ssl/debug}INBOX in /home/sdyer/CQP-ACE/stu/robot/email.inc.php on line 44
[16-Sep-2013 00:26:04] PHP Notice:  Undefined property: stdClass::$from in /home/sdyer/CQP-ACE/stu/robot/email.inc.php on line 227
[16-Sep-2013 00:26:04] PHP Notice:  Trying to get property of non-object in /home/sdyer/CQP-ACE/stu/robot/email.inc.php on line 227
[16-Sep-2013 00:26:04] PHP Notice:  Undefined property: stdClass::$from in /home/sdyer/CQP-ACE/stu/robot/email.inc.php on line 227
[16-Sep-2013 00:26:04] PHP Notice:  Trying to get property of non-object in /home/sdyer/CQP-ACE/stu/robot/email.inc.php on line 227
[16-Sep-2013 00:26:07] PHP Notice:  Unknown: Must use comma to separate addresses: canada (errflg=3) in Unknown on line 0
[16-Sep-2013 00:30:45] PHP Notice:  Undefined property: stdClass::$from in /home/sdyer/CQP-ACE/stu/robot/email.inc.php on line 227
[16-Sep-2013 00:30:45] PHP Notice:  Trying to get property of non-object in /home/sdyer/CQP-ACE/stu/robot/email.inc.php on line 227
[16-Sep-2013 00:30:45] PHP Notice:  Undefined property: stdClass::$from in /home/sdyer/CQP-ACE/stu/robot/email.inc.php on line 227
[16-Sep-2013 00:30:45] PHP Notice:  Trying to get property of non-object in /home/sdyer/CQP-ACE/stu/robot/email.inc.php on line 227
[16-Sep-2013 00:30:47] PHP Notice:  Unknown: Must use comma to separate addresses: uggs (errflg=3) in Unknown on line 0
[16-Sep-2013 01:18:38] PHP Notice:  Undefined property: stdClass::$from in /home/sdyer/CQP-ACE/stu/robot/email.inc.php on line 226
[16-Sep-2013 01:18:38] PHP Notice:  Trying to get property of non-object in /home/sdyer/CQP-ACE/stu/robot/email.inc.php on line 226
[16-Sep-2013 01:18:38] PHP Notice:  Undefined property: stdClass::$from in /home/sdyer/CQP-ACE/stu/robot/email.inc.php on line 226
[16-Sep-2013 01:18:38] PHP Notice:  Trying to get property of non-object in /home/sdyer/CQP-ACE/stu/robot/email.inc.php on line 226
[16-Sep-2013 01:18:40] PHP Notice:  Unknown: Must use comma to separate addresses: for kids (errflg=3) in Unknown on line 0
[16-Sep-2013 01:25:13] PHP Notice:  Undefined property: stdClass::$from in /home/sdyer/CQP-ACE/stu/robot/email.inc.php on line 227
[16-Sep-2013 01:25:13] PHP Notice:  Trying to get property of non-object in /home/sdyer/CQP-ACE/stu/robot/email.inc.php on line 227
[16-Sep-2013 01:25:13] PHP Notice:  Undefined property: stdClass::$from in /home/sdyer/CQP-ACE/stu/robot/email.inc.php on line 227
[16-Sep-2013 01:25:13] PHP Notice:  Trying to get property of non-object in /home/sdyer/CQP-ACE/stu/robot/email.inc.php on line 227
[16-Sep-2013 01:25:15] PHP Notice:  Unknown: Must use comma to separate addresses: ugg boots (errflg=3) in Unknown on line 0
[16-Sep-2013 01:33:41] PHP Parse error:  syntax error, unexpected T_ISSET, expecting '(' in /home/sdyer/CQP-ACE/stu/robot/email.inc.php on line 227
[16-Sep-2013 01:34:12] PHP Parse error:  syntax error, unexpected T_ISSET, expecting '(' in /home/sdyer/CQP-ACE/stu/robot/email.inc.php on line 227
[16-Sep-2013 01:35:16] PHP Notice:  Undefined index: FROM in /home/sdyer/CQP-ACE/stu/robot/robot.php on line 138
[16-Sep-2013 01:35:16] PHP Notice:  Undefined index: FROM in /home/sdyer/CQP-ACE/stu/robot/robot.inc.php on line 449
[16-Sep-2013 01:35:19] PHP Notice:  Unknown: Must use comma to separate addresses: uggs (errflg=3) in Unknown on line 0
[16-Sep-2013 01:37:34] PHP Notice:  Undefined index: FROM in /home/sdyer/CQP-ACE/stu/robot/robot.php on line 138
[16-Sep-2013 01:37:34] PHP Notice:  Undefined index: FROM in /home/sdyer/CQP-ACE/stu/robot/robot.inc.php on line 453
[16-Sep-2013 01:37:36] PHP Notice:  Unknown: Must use comma to separate addresses: uggs (errflg=3) in Unknown on line 0
[16-Sep-2013 01:38:37] PHP Notice:  Undefined index: FROM in /home/sdyer/CQP-ACE/stu/robot/robot.php on line 138
[16-Sep-2013 01:38:37] PHP Notice:  Undefined index: FROM in /home/sdyer/CQP-ACE/stu/robot/robot.inc.php on line 453
[16-Sep-2013 01:38:39] PHP Notice:  Unknown: Must use comma to separate addresses: pas cher (errflg=3) in Unknown on line 0
[16-Sep-2013 02:43:46] PHP Warning:  imap_open(): Couldn't open stream {imap.gmail.com:993/imap/ssl}INBOX in /home/sdyer/CQP-ACE/stu/robot/email.inc.php on line 43
[16-Sep-2013 07:04:10] PHP Warning:  imap_open(): Couldn't open stream {imap.gmail.com:993/imap/ssl}INBOX in /home/sdyer/CQP-ACE/stu/robot/email.inc.php on line 43
