-bash: xhdr: command not found
-bash: xhdr: command not found
-bash: xhdr: command not found
-bash: xhdr: command not found
-bash: xhdr: command not found
-bash: xhdr: command not found
-bash: xhdr: command not found
-bash: xhdr: command not found
-bash: xhdr: command not found
-bash: xhdr: command not found
-bash: xhdr: command not found
-bash: xhdr: command not found
-bash: xhdr: command not found
-bash: xhdr: command not found
-bash: xhdr: command not found
-bash: xhdr: command not found
-bash: xhdr: command not found
-bash: xhdr: command not found
-bash: xhdr: command not found
-bash: xhdr: command not found
-bash: xhdr: command not found
-bash: xhdr: command not found
-bash: xhdr: command not found
-bash: xhdr: command not found
-bash: xhdr: command not found
-bash: xhdr: command not found
-bash: xhdr: command not found
-bash: xhdr: command not found
-bash: xhdr: command not found
-bash: xhdr: command not found
-bash: xhdr: command not found
-bash: xhdr: command not found
-bash: xhdr: command not found
-bash: xhdr: command not found
-bash: xhdr: command not found
-bash: xhdr: command not found
-bash: xhdr: command not found
-bash: xhdr: command not found
-bash: xhdr: command not found
-bash: xhdr: command not found
-bash: xhdr: command not found
-bash: xhdr: command not found
-bash: xhdr: command not found
-bash: xhdr: command not found
-bash: xhdr: command not found
-bash: xhdr: command not found
-bash: xhdr: command not found
-bash: xhdr: command not found
-bash: xhdr: command not found
-bash: xhdr: command not found
-bash: xhdr: command not found
-bash: xhdr: command not found
-bash: xhdr: command not found
-bash: xhdr: command not found
-bash: xhdr: command not found
-bash: xhdr: command not found
-bash: xhdr: command not found
-bash: xhdr: command not found
-bash: xhdr: command not found
-bash: xhdr: command not found
-bash: xhdr: command not found
-bash: xhdr: command not found
-bash: xhdr: command not found
-bash: xhdr: command not found
-bash: xhdr: command not found
-bash: xhdr: command not found
-bash: xhdr: command not found
-bash: xhdr: command not found
-bash: xhdr: command not found
-bash: xhdr: command not found
-bash: xhdr: command not found
-bash: xhdr: command not found
-bash: xhdr: command not found
-bash: xhdr: command not found
-bash: xhdr: command not found
-bash: xhdr: command not found
-bash: xhdr: command not found
-bash: xhdr: command not found
-bash: xhdr: command not found
-bash: xhdr: command not found
-bash: xhdr: command not found
-bash: xhdr: command not found
-bash: xhdr: command not found
-bash: xhdr: command not found
-bash: xhdr: command not found
-bash: xhdr: command not found
-bash: xhdr: command not found
-bash: xhdr: command not found
-bash: xhdr: command not found
-bash: xhdr: command not found
-bash: xhdr: command not found
-bash: xhdr: command not found
-bash: xhdr: command not found
-bash: xhdr: command not found
-bash: xhdr: command not found
-bash: xhdr: command not found
-bash: xhdr: command not found
-bash: xhdr: command not found
-bash: xhdr: command not found
-bash: xhdr: command not found
-bash: xhdr: command not found
-bash: xhdr: command not found
-bash: xhdr: command not found
-bash: xhdr: command not found
-bash: xhdr: command not found
-bash: xhdr: command not found
-bash: xhdr: command not found
-bash: xhdr: command not found
-bash: xhdr: command not found
-bash: xhdr: command not found
-bash: xhdr: command not found
-bash: xhdr: command not found
-bash: xhdr: command not found
-bash: xhdr: command not found
-bash: xhdr: command not found
-bash: xhdr: command not found
-bash: xhdr: command not found
-bash: xhdr: command not found
-bash: xhdr: command not found
-bash: xhdr: command not found
-bash: xhdr: command not found
-bash: xhdr: command not found
-bash: xhdr: command not found
-bash: xhdr: command not found
-bash: xhdr: command not found
-bash: xhdr: command not found
-bash: xhdr: command not found
-bash: xhdr: command not found
-bash: xhdr: command not found
-bash: xhdr: command not found
-bash: xhdr: command not found
-bash: xhdr: command not found
-bash: xhdr: command not found
-bash: xhdr: command not found
-bash: xhdr: command not found
-bash: xhdr: command not found
-bash: xhdr: command not found
-bash: xhdr: command not found
-bash: xhdr: command not found
-bash: xhdr: command not found
-bash: xhdr: command not found
-bash: xhdr: command not found
-bash: xhdr: command not found
-bash: xhdr: command not found
-bash: xhdr: command not found
-bash: xhdr: command not found
-bash: xhdr: command not found
-bash: xhdr: command not found
-bash: xhdr: command not found
-bash: xhdr: command not found
-bash: xhdr: command not found
-bash: xhdr: command not found
-bash: xhdr: command not found
-bash: xhdr: command not found
-bash: xhdr: command not found
-bash: xhdr: command not found
-bash: xhdr: command not found
-bash: xhdr: command not found
-bash: xhdr: command not found
-bash: xhdr: command not found
-bash: xhdr: command not found
-bash: xhdr: command not found
-bash: xhdr: command not found
-bash: xhdr: command not found
-bash: xhdr: command not found
-bash: xhdr: command not found
-bash: xhdr: command not found
-bash: xhdr: command not found
-bash: xhdr: command not found
-bash: xhdr: command not found
-bash: xhdr: command not found
-bash: xhdr: command not found
-bash: xhdr: command not found
-bash: xhdr: command not found
-bash: xhdr: command not found
-bash: xhdr: command not found
-bash: xhdr: command not found
-bash: xhdr: command not found
-bash: xhdr: command not found
-bash: xhdr: command not found
-bash: xhdr: command not found
-bash: xhdr: command not found
-bash: xhdr: command not found
-bash: xhdr: command not found
-bash: xhdr: command not found
-bash: xhdr: command not found
-bash: xhdr: command not found
-bash: xhdr: command not found
-bash: xhdr: command not found
-bash: xhdr: command not found
-bash: xhdr: command not found
-bash: xhdr: command not found
-bash: xhdr: command not found
-bash: xhdr: command not found
-bash: xhdr: command not found
-bash: xhdr: command not found
-bash: xhdr: command not found
-bash: xhdr: command not found
-bash: xhdr: command not found
-bash: xhdr: command not found
-bash: xhdr: command not found
-bash: xhdr: command not found
-bash: xhdr: command not found
-bash: xhdr: command not found
-bash: xhdr: command not found
-bash: xhdr: command not found
-bash: xhdr: command not found
-bash: xhdr: command not found
-bash: xhdr: command not found
-bash: xhdr: command not found
-bash: xhdr: command not found
-bash: xhdr: command not found
-bash: xhdr: command not found
-bash: xhdr: command not found
-bash: xhdr: command not found
-bash: xhdr: command not found
-bash: xhdr: command not found
-bash: xhdr: command not found
-bash: xhdr: command not found
-bash: xhdr: command not found
-bash: xhdr: command not found
-bash: xhdr: command not found
-bash: xhdr: command not found
-bash: xhdr: command not found
-bash: xhdr: command not found
-bash: xhdr: command not found
-bash: xhdr: command not found
-bash: xhdr: command not found
-bash: xhdr: command not found
-bash: xhdr: command not found
-bash: xhdr: command not found
-bash: xhdr: command not found
-bash: xhdr: command not found
-bash: xhdr: command not found
-bash: xhdr: command not found
-bash: xhdr: command not found
-bash: xhdr: command not found
-bash: xhdr: command not found
-bash: xhdr: command not found
-bash: xhdr: command not found
-bash: xhdr: command not found
-bash: xhdr: command not found
-bash: xhdr: command not found
-bash: xhdr: command not found
-bash: xhdr: command not found
-bash: xhdr: command not found
-bash: xhdr: command not found
-bash: xhdr: command not found
-bash: xhdr: command not found
-bash: xhdr: command not found
-bash: xhdr: command not found
-bash: xhdr: command not found
-bash: xhdr: command not found
-bash: xhdr: command not found
-bash: xhdr: command not found
-bash: xhdr: command not found
-bash: xhdr: command not found
-bash: xhdr: command not found
-bash: xhdr: command not found
-bash: xhdr: command not found
-bash: xhdr: command not found
-bash: xhdr: command not found
-bash: xhdr: command not found
-bash: xhdr: command not found
-bash: xhdr: command not found
-bash: xhdr: command not found
-bash: xhdr: command not found
-bash: xhdr: command not found
-bash: xhdr: command not found
-bash: xhdr: command not found
-bash: xhdr: command not found
-bash: xhdr: command not found
-bash: xhdr: command not found
-bash: xhdr: command not found
-bash: xhdr: command not found
-bash: xhdr: command not found
-bash: xhdr: command not found
-bash: xhdr: command not found
-bash: xhdr: command not found
-bash: xhdr: command not found
-bash: xhdr: command not found
-bash: xhdr: command not found
-bash: xhdr: command not found
-bash: xhdr: command not found
-bash: xhdr: command not found
-bash: xhdr: command not found
-bash: xhdr: command not found
-bash: xhdr: command not found
-bash: xhdr: command not found
-bash: xhdr: command not found
-bash: xhdr: command not found
-bash: xhdr: command not found
-bash: xhdr: command not found
-bash: xhdr: command not found
-bash: xhdr: command not found
-bash: xhdr: command not found
-bash: xhdr: command not found
-bash: xhdr: command not found
-bash: xhdr: command not found
-bash: xhdr: command not found
-bash: xhdr: command not found
-bash: xhdr: command not found
-bash: xhdr: command not found
-bash: xhdr: command not found
-bash: xhdr: command not found
-bash: xhdr: command not found
-bash: xhdr: command not found
-bash: xhdr: command not found
-bash: xhdr: command not found
-bash: xhdr: command not found
-bash: xhdr: command not found
-bash: xhdr: command not found
-bash: xhdr: command not found
-bash: xhdr: command not found
-bash: xhdr: command not found
-bash: xhdr: command not found
-bash: xhdr: command not found
-bash: xhdr: command not found
-bash: xhdr: command not found
-bash: xhdr: command not found
-bash: xhdr: command not found
-bash: xhdr: command not found
-bash: xhdr: command not found
-bash: xhdr: command not found
-bash: xhdr: command not found
-bash: xhdr: command not found
-bash: xhdr: command not found
-bash: xhdr: command not found
-bash: xhdr: command not found
-bash: xhdr: command not found
-bash: xhdr: command not found
-bash: xhdr: command not found
-bash: xhdr: command not found
-bash: xhdr: command not found
-bash: xhdr: command not found
-bash: xhdr: command not found
-bash: xhdr: command not found
-bash: xhdr: command not found
-bash: xhdr: command not found
-bash: xhdr: command not found
-bash: xhdr: command not found
-bash: xhdr: command not found
-bash: xhdr: command not found
-bash: xhdr: command not found
-bash: xhdr: command not found
-bash: xhdr: command not found
-bash: xhdr: command not found
-bash: xhdr: command not found
-bash: xhdr: command not found
-bash: xhdr: command not found
-bash: xhdr: command not found
-bash: xhdr: command not found
-bash: xhdr: command not found
-bash: xhdr: command not found
-bash: xhdr: command not found
-bash: xhdr: command not found
-bash: xhdr: command not found
-bash: xhdr: command not found
-bash: xhdr: command not found
-bash: xhdr: command not found
-bash: xhdr: command not found
-bash: xhdr: command not found
-bash: xhdr: command not found
-bash: xhdr: command not found
-bash: xhdr: command not found
-bash: xhdr: command not found
-bash: xhdr: command not found
-bash: xhdr: command not found
-bash: xhdr: command not found
-bash: xhdr: command not found
-bash: xhdr: command not found
-bash: xhdr: command not found
-bash: xhdr: command not found
-bash: xhdr: command not found
-bash: xhdr: command not found
-bash: xhdr: command not found
-bash: xhdr: command not found
-bash: xhdr: command not found
-bash: xhdr: command not found
-bash: xhdr: command not found
-bash: xhdr: command not found
-bash: xhdr: command not found
-bash: xhdr: command not found
-bash: xhdr: command not found
-bash: xhdr: command not found
-bash: xhdr: command not found
-bash: xhdr: command not found
-bash: xhdr: command not found
-bash: xhdr: command not found
-bash: xhdr: command not found
-bash: xhdr: command not found
-bash: xhdr: command not found
-bash: xhdr: command not found
-bash: xhdr: command not found
-bash: xhdr: command not found
-bash: xhdr: command not found
-bash: xhdr: command not found
-bash: xhdr: command not found
-bash: xhdr: command not found
-bash: xhdr: command not found
-bash: xhdr: command not found
-bash: xhdr: command not found
-bash: xhdr: command not found
-bash: xhdr: command not found
-bash: xhdr: command not found
-bash: xhdr: command not found
-bash: xhdr: command not found
-bash: xhdr: command not found
-bash: xhdr: command not found
-bash: xhdr: command not found
-bash: xhdr: command not found
-bash: xhdr: command not found
-bash: xhdr: command not found
-bash: xhdr: command not found
-bash: xhdr: command not found
-bash: xhdr: command not found
-bash: xhdr: command not found
-bash: xhdr: command not found
-bash: xhdr: command not found
-bash: xhdr: command not found
-bash: xhdr: command not found
-bash: xhdr: command not found
-bash: xhdr: command not found
-bash: xhdr: command not found
-bash: xhdr: command not found
-bash: xhdr: command not found
-bash: xhdr: command not found
-bash: xhdr: command not found
-bash: xhdr: command not found
-bash: xhdr: command not found
-bash: xhdr: command not found
-bash: xhdr: command not found
-bash: xhdr: command not found
-bash: xhdr: command not found
-bash: xhdr: command not found
-bash: xhdr: command not found
-bash: xhdr: command not found
-bash: xhdr: command not found
-bash: xhdr: command not found
-bash: xhdr: command not found
-bash: xhdr: command not found
-bash: xhdr: command not found
-bash: xhdr: command not found
-bash: xhdr: command not found
-bash: xhdr: command not found
-bash: xhdr: command not found
-bash: xhdr: command not found
-bash: xhdr: command not found
-bash: xhdr: command not found
-bash: xhdr: command not found
-bash: xhdr: command not found
-bash: xhdr: command not found
-bash: xhdr: command not found
-bash: xhdr: command not found
-bash: xhdr: command not found
-bash: xhdr: command not found
-bash: xhdr: command not found
-bash: xhdr: command not found
-bash: xhdr: command not found
-bash: xhdr: command not found
-bash: xhdr: command not found
-bash: xhdr: command not found
-bash: xhdr: command not found
-bash: xhdr: command not found
-bash: xhdr: command not found
-bash: xhdr: command not found
-bash: xhdr: command not found
-bash: xhdr: command not found
-bash: xhdr: command not found
-bash: xhdr: command not found
-bash: xhdr: command not found
-bash: xhdr: command not found
-bash: xhdr: command not found
-bash: xhdr: command not found
-bash: xhdr: command not found
-bash: xhdr: command not found
-bash: xhdr: command not found
-bash: xhdr: command not found
-bash: xhdr: command not found
-bash: xhdr: command not found
-bash: xhdr: command not found
-bash: xhdr: command not found
-bash: xhdr: command not found
-bash: xhdr: command not found
-bash: xhdr: command not found
-bash: xhdr: command not found
-bash: xhdr: command not found
-bash: xhdr: command not found
-bash: xhdr: command not found
-bash: xhdr: command not found
-bash: xhdr: command not found
-bash: xhdr: command not found
-bash: xhdr: command not found
-bash: xhdr: command not found
-bash: xhdr: command not found
-bash: xhdr: command not found
-bash: xhdr: command not found
-bash: xhdr: command not found
-bash: xhdr: command not found
-bash: xhdr: command not found
-bash: xhdr: command not found
-bash: xhdr: command not found
-bash: xhdr: command not found
-bash: xhdr: command not found
-bash: xhdr: command not found
-bash: xhdr: command not found
-bash: xhdr: command not found
-bash: xhdr: command not found
-bash: xhdr: command not found
-bash: xhdr: command not found
-bash: xhdr: command not found
-bash: xhdr: command not found
-bash: xhdr: command not found
-bash: xhdr: command not found
-bash: xhdr: command not found
-bash: xhdr: command not found
-bash: xhdr: command not found
-bash: xhdr: command not found
-bash: xhdr: command not found
-bash: xhdr: command not found
-bash: xhdr: command not found
-bash: xhdr: command not found
-bash: xhdr: command not found
-bash: xhdr: command not found
-bash: xhdr: command not found
-bash: xhdr: command not found
-bash: xhdr: command not found
-bash: xhdr: command not found
-bash: xhdr: command not found
-bash: xhdr: command not found
-bash: xhdr: command not found
-bash: xhdr: command not found
-bash: xhdr: command not found
-bash: xhdr: command not found
-bash: xhdr: command not found
-bash: xhdr: command not found
-bash: xhdr: command not found
-bash: xhdr: command not found
-bash: xhdr: command not found
-bash: xhdr: command not found
-bash: xhdr: command not found
-bash: xhdr: command not found
-bash: xhdr: command not found
-bash: xhdr: command not found
-bash: xhdr: command not found
-bash: xhdr: command not found
-bash: xhdr: command not found
-bash: xhdr: command not found
-bash: xhdr: command not found
-bash: xhdr: command not found
-bash: xhdr: command not found
-bash: xhdr: command not found
-bash: xhdr: command not found
-bash: xhdr: command not found
-bash: xhdr: command not found
-bash: xhdr: command not found
-bash: xhdr: command not found
-bash: xhdr: command not found
-bash: xhdr: command not found
-bash: xhdr: command not found
-bash: xhdr: command not found
-bash: xhdr: command not found
-bash: xhdr: command not found
-bash: xhdr: command not found
-bash: xhdr: command not found
-bash: xhdr: command not found
-bash: xhdr: command not found
-bash: xhdr: command not found
-bash: xhdr: command not found
-bash: xhdr: command not found
-bash: xhdr: command not found
-bash: xhdr: command not found
-bash: xhdr: command not found
-bash: xhdr: command not found
-bash: xhdr: command not found
-bash: xhdr: command not found
-bash: xhdr: command not found
-bash: xhdr: command not found
-bash: xhdr: command not found
-bash: xhdr: command not found
-bash: xhdr: command not found
-bash: xhdr: command not found
-bash: xhdr: command not found
-bash: xhdr: command not found
-bash: xhdr: command not found
-bash: xhdr: command not found
-bash: xhdr: command not found
-bash: xhdr: command not found
-bash: xhdr: command not found
-bash: xhdr: command not found
-bash: xhdr: command not found
-bash: xhdr: command not found
-bash: xhdr: command not found
-bash: xhdr: command not found
-bash: xhdr: command not found
-bash: xhdr: command not found
-bash: xhdr: command not found
-bash: xhdr: command not found
-bash: xhdr: command not found
-bash: xhdr: command not found
-bash: xhdr: command not found
-bash: xhdr: command not found
-bash: xhdr: command not found
-bash: xhdr: command not found
-bash: xhdr: command not found
-bash: xhdr: command not found
-bash: xhdr: command not found
-bash: xhdr: command not found
-bash: xhdr: command not found
-bash: xhdr: command not found
-bash: xhdr: command not found
-bash: xhdr: command not found
-bash: xhdr: command not found
-bash: xhdr: command not found
-bash: xhdr: command not found
-bash: xhdr: command not found
-bash: xhdr: command not found
-bash: xhdr: command not found
-bash: xhdr: command not found
-bash: xhdr: command not found
-bash: xhdr: command not found
-bash: xhdr: command not found
-bash: xhdr: command not found
-bash: xhdr: command not found
-bash: xhdr: command not found
-bash: xhdr: command not found
-bash: xhdr: command not found
-bash: xhdr: command not found
-bash: xhdr: command not found
-bash: xhdr: command not found
-bash: xhdr: command not found
-bash: xhdr: command not found
-bash: xhdr: command not found
-bash: xhdr: command not found
-bash: xhdr: command not found
-bash: xhdr: command not found
-bash: xhdr: command not found
-bash: xhdr: command not found
-bash: xhdr: command not found
-bash: xhdr: command not found
-bash: xhdr: command not found
-bash: xhdr: command not found
-bash: xhdr: command not found
-bash: xhdr: command not found
-bash: xhdr: command not found
-bash: xhdr: command not found
-bash: xhdr: command not found
-bash: xhdr: command not found
-bash: xhdr: command not found
-bash: xhdr: command not found
-bash: xhdr: command not found
-bash: xhdr: command not found
-bash: xhdr: command not found
-bash: xhdr: command not found
-bash: xhdr: command not found
-bash: xhdr: command not found
-bash: xhdr: command not found
-bash: xhdr: command not found
-bash: xhdr: command not found
-bash: xhdr: command not found
-bash: xhdr: command not found
-bash: xhdr: command not found
-bash: xhdr: command not found
-bash: xhdr: command not found
-bash: xhdr: command not found
-bash: xhdr: command not found
-bash: xhdr: command not found
-bash: xhdr: command not found
-bash: xhdr: command not found
-bash: xhdr: command not found
-bash: xhdr: command not found
-bash: xhdr: command not found
-bash: xhdr: command not found
-bash: xhdr: command not found
-bash: xhdr: command not found
-bash: xhdr: command not found
-bash: xhdr: command not found
-bash: xhdr: command not found
-bash: xhdr: command not found
-bash: xhdr: command not found
-bash: xhdr: command not found
-bash: xhdr: command not found
-bash: xhdr: command not found
-bash: xhdr: command not found
-bash: xhdr: command not found
-bash: xhdr: command not found
-bash: xhdr: command not found


Inserted : 6Y6U


Inserted : AA1CA


Inserted : AA2AD


Inserted : AA3B


Inserted : AA3LX


Inserted : AA4GA


Inserted : AA4KD


Inserted : AA4NC


Inserted : AA5CK


Inserted : AA5JG


Inserted : AA6DX


Inserted : AA6EE


Inserted : AA6K


Inserted : AA6PW


Inserted : AA6XV


Inserted : AA7V


Inserted : AA8IA


Inserted : AA8N


Inserted : AB1OD


  Not a Cabrillo file

Failed processing Cabrillo log



Inserted : AB4GG


Inserted : AB4SF


Inserted : AB9OS


Inserted : AC0PP


Inserted : AC5K


Inserted : AC5O


  Not a Cabrillo file

Failed processing Cabrillo log



Inserted : AC8ZX


Inserted : AD4EB


Inserted : AD4L


Inserted : AD6E


Inserted : AD6NR


Inserted : AD6Z


Inserted : AD7KI


Inserted : AD8B


Inserted : AD8J


Inserted : AE1P


Inserted : AE1T


Inserted : AE2NG


Inserted : AE5NO


Inserted : AE5X


Inserted : AE6IC


Inserted : AE6RS


Inserted : AE6Y


Inserted : AF5P


Inserted : AF6DS


Inserted : AF6F


Inserted : AF6IF


Inserted : AF6OP


Inserted : AF6WF


Inserted : AF8A


Inserted : AG5Z


Inserted : AG6AM


Inserted : AG6AY


  Not a Cabrillo file

Failed processing Cabrillo log



Inserted : AG6V


Inserted : AI4DB


Inserted : AI4SV


Inserted : AI4WU


Inserted : AI7AA


Inserted : AI9I


Inserted : AJ1F


Inserted : AJ4KI


Inserted : AL1G


Inserted : CU2JT


Inserted : DF2RG


Inserted : DJ9AO


Inserted : DL4AAE


Inserted : DL4VQ


Inserted : DL5DSM


Inserted : DL5ME


Inserted : DL8USA


Inserted : DM3XI


Inserted : EA3ELZ


Inserted : EA6AZ


Inserted : EC8AFM


Inserted : ES1WST


Inserted : F5IN


Inserted : G4RRA


Inserted : HA1AG


Inserted : JA1MZM


Inserted : JE7YSS


Inserted : JF2BDK


Inserted : JP1HUJ


Inserted : K0AD


Inserted : K0AE


Inserted : K0EU


Inserted : K0FX


Inserted : K0IO


Inserted : K0JPL


Inserted : K0KX


Inserted : K0MPH


Inserted : K0PC


Inserted : K0RC


Inserted : K0UK


Inserted : K0VBU


Inserted : K0VVY


Inserted : K0WIU


Inserted : K0ZR


Inserted : K1GIG


Inserted : K1GU


Inserted : K1IMI


Inserted : K1JB


Inserted : K1NEF


Inserted : K1PQS


Inserted : K1RY


Inserted : K1SXD


Inserted : K1TH


Inserted : K1TN


Inserted : K1XM


Inserted : K1YSY


Inserted : K1ZZI


Inserted : K2ACK


Inserted : K2DG


Inserted : K2EL


Inserted : K2HT


Inserted : K2KR


Inserted : K2LXC


Inserted : K2MK


Inserted : K2MKD


Inserted : K2OWR


Inserted : K2RP


Inserted : K2SSS


Inserted : K3FIV


Inserted : K3GY


Inserted : K3IE


Inserted : K3MD


Inserted : K3ONW


Inserted : K3SV


Inserted : K3TD


Inserted : K3TN


Inserted : K3TW


Inserted : K3WW


Inserted : K4BAI


Inserted : K4BP


Inserted : K4FT


Inserted : K4GOP


Inserted : K4HAL


Inserted : K4JAF


Inserted : K4LTA


Inserted : K4MCK


Inserted : K4MTI


Inserted : K4NP


Inserted : K4OC


Inserted : K4ORD


Inserted : K4OSO


Inserted : K4QPL


Inserted : K4RO


Inserted : K4WW


Inserted : K4ZGB


Inserted : K5AEM


Inserted : K5CM


Inserted : K5DHY


Inserted : K5GQ


Inserted : K5KMS


Inserted : K5LG


Inserted : K5MLC


Inserted : K5OAI


Inserted : K5QQ


Inserted : K5TRI


Inserted : K5WW


Inserted : K6AAB


Inserted : K6AAX


Inserted : K6ANP


Inserted : K6AQL/LANG


Inserted : K6ASK


Inserted : K6ATZ


Inserted : K6BEW


Inserted : K6BF


Inserted : K6BIR


Inserted : K6BR


Inserted : K6BZS


Inserted : K6C


Inserted : K6CQP


Inserted : K6CSL


Inserted : K6CTA


Inserted : K6DEX


  Not a Cabrillo file

Failed processing Cabrillo log



Inserted : K6DKY


Inserted : K6DW


  Not a Cabrillo file

Failed processing Cabrillo log



Inserted : K6EZ


Inserted : K6FA


Inserted : K6FWT


Inserted : K6GEP


Inserted : K6GHA


Inserted : K6GT


Inserted : K6GYL


Inserted : K6HP


Inserted : K6IDX


Inserted : K6III


Inserted : K6ILM


Inserted : K6IP


Inserted : K6JAR


Inserted : K6JAT


Inserted : K6JB


Inserted : K6JRA


Inserted : K6JS


Inserted : K6KAP


Inserted : K6KQV


Inserted : K6KS


Inserted : K6L


Inserted : K6LA


Inserted : K6LJC


Inserted : K6LRN


Inserted : K6LY


Inserted : K6ME


Inserted : K6MLF


Inserted : K6MM


Inserted : K6MMM


Inserted : K6MSM


Inserted : K6MUG


Inserted : K6NA


Inserted : K6NV


Inserted : K6OK


Inserted : K6PJ


Inserted : K6QK


Inserted : K6QQ


Inserted : K6RB


Inserted : K6RC


Inserted : K6RFM


Inserted : K6RIM


Inserted : K6S


Inserted : K6SFK


Inserted : K6THM


Inserted : K6TU


Inserted : K6UD


Inserted : K6UUW


Inserted : K6VO


Inserted : K6VVA


Inserted : K6WC


Inserted : K6WRU


Inserted : K6WV


Inserted : K6XC


Inserted : K6XV


Inserted : K6XX


Inserted : K6YA


Inserted : K6YL


Inserted : K6YR


Inserted : K6YV


Inserted : K6Z


Inserted : K6ZFG


Inserted : K7ACZ


Inserted : K7BG


Inserted : K7DVD


Inserted : K7HBN


Inserted : K7IA


Inserted : K7JAN


Inserted : K7JJ


Inserted : K7JKM


Inserted : K7JQ


Inserted : K7RL


Inserted : K7SCX


Inserted : K7SV


Inserted : K7UT


Inserted : K7WA


Inserted : K7ZG


Inserted : K7ZZZ


Inserted : K8FZY


Inserted : K8GT


Inserted : K8JQ


Inserted : K8KHZ


Inserted : K8MM


Inserted : K8MP


Inserted : K8MR


Inserted : K8NWD


Inserted : K8SEM


Inserted : K8TE


Inserted : K8WDN


Inserted : K9EN


Inserted : K9JM


Inserted : K9JWI


Inserted : K9PMV


Inserted : K9QJS


Inserted : K9RJ


Inserted : K9UIY


Inserted : KA1ARB


Inserted : KA1IOR


Inserted : KA2AAM


Inserted : KA3DRR


Inserted : KA6AIL


Inserted : KA6BIM


Inserted : KA7RRA


Inserted : KB0WSW


Inserted : KB3IPD


  Not a Cabrillo file

Failed processing Cabrillo log



Inserted : KB5DRJ


Inserted : KB7IP


Inserted : KB8OIU


Inserted : KB9AH


Inserted : KB9O


Inserted : KB9S


Inserted : KB9YGD


Inserted : KC0DEB


Inserted : KC0HPM


Inserted : KC0JRW


Inserted : KC0VFP


  Not a Cabrillo file

Failed processing Cabrillo log



Inserted : KC4WQ


Inserted : KC4YBO


Inserted : KC6BSS


Inserted : KC6MIE


Inserted : KC7H


Inserted : KC7V


Inserted : KC8UCH


Inserted : KC9BXX


Inserted : KC9CQX


Inserted : KC9MEA


Inserted : KC9QDO


Inserted : KC9TQR


Inserted : KC9TTR


Inserted : KC9UNL


Inserted : KD0LRG


Inserted : KD0PIO


Inserted : KD2MX


Inserted : KD4ULW


Inserted : KD5J


  Not a Cabrillo file

Failed processing Cabrillo log



Inserted : KD6CUB


Inserted : KD6HNI


Inserted : KD6SMC


Inserted : KD6WKY


Inserted : KD7JET


Inserted : KD7OED


Inserted : KD8CAO


Inserted : KD8GIJ


Inserted : KD8HHG


Inserted : KE1Q


Inserted : KE2VB


Inserted : KE4KE


Inserted : KE5BUS


Inserted : KE5JTS


Inserted : KE5LQ


Inserted : KE6GFI


Inserted : KE6GLA


Inserted : KE6IUE


Inserted : KE6KYI


Inserted : KE6LPO


Inserted : KE6MRG


Inserted : KE6PPE


Inserted : KE6SHL


Inserted : KE6TIM


Inserted : KE6UAR


Inserted : KE6WC


Inserted : KE6ZSN


Inserted : KE9EX


Inserted : KE9I


Inserted : KF0F


Inserted : KF4IRC


Inserted : KF6GUG


Inserted : KF6QXX


Inserted : KF6T


Inserted : KF7GNI


Inserted : KF7PKL


Inserted : KG4CUY


Inserted : KG4W


Inserted : KG4ZXK


Inserted : KG6N


Inserted : KG6NPB


Inserted : KG6PNP


Inserted : KG6TBR


Inserted : KG6TYB


Inserted : KG6UEF


Inserted : KH6LC


Inserted : KH7Y


Inserted : KI0HA


Inserted : KI0I


Inserted : KI6CYT


  Not a Cabrillo file

Failed processing Cabrillo log



Inserted : KI6LAV


Inserted : KI6LZ


Inserted : KI6OY


Inserted : KI6QDH


Inserted : KI6UAQ


Inserted : KI6UDZ


Inserted : KI6WCI


Inserted : KI6WOX


Inserted : KI6ZHD


Inserted : KI6ZON


Inserted : KI7Y


Inserted : KJ4AOM


Inserted : KJ4ERZ


Inserted : KJ4LTA


Inserted : KJ4OAP


Inserted : KJ4VTH


Inserted : KJ4ZPT


Inserted : KJ6BNO


Inserted : KJ6HBY


Inserted : KJ6IXM


Inserted : KJ6KGI


Inserted : KJ6KNK


Inserted : KJ6LBA


Inserted : KJ6LJB


Inserted : KJ6MBW


Inserted : KJ6NLD


Inserted : KJ6NON


  Not a Cabrillo file

Failed processing Cabrillo log



Inserted : KJ6OGE


Inserted : KJ6PVA


Inserted : KJ6RHT


  Not a Cabrillo file

Failed processing Cabrillo log



Inserted : KJ8O


Inserted : KK4CIS


Inserted : KK4CPO


Inserted : KK5JY


Inserted : KK6TV


Inserted : KL2HD


Inserted : KM4RK


Inserted : KM6HB


Inserted : KM6I


Inserted : KN4Y


Inserted : KO4GS


Inserted : KO6JF


Inserted : KO6LU


Inserted : KO7X


Inserted : KQ6AB


Inserted : KQ6ES


Inserted : KQ6RE


Inserted : KR2AA


Inserted : KR6LH


Inserted : KR7C


Inserted : KS4S


Inserted : KS4X


Inserted : KS6M


Inserted : KT4ZB


Inserted : KU5B


Inserted : KU8E


Inserted : KV9W


Inserted : KW3A


Inserted : KX4X


Inserted : KY7M


Inserted : LX1NO


Inserted : LY5A


Inserted : LZ5R


Inserted : N0AX


Inserted : N0HJZ


Inserted : N0JE


Inserted : N0OKS


Inserted : N0ORQ


Inserted : N0TA


Inserted : N0XG


Inserted : N0XW


Inserted : N1CC


Inserted : N1EU


Inserted : N1KR


Inserted : N1KWF


Inserted : N1NN


Inserted : N1OXA


Inserted : N1WC


Inserted : N1XUQ


Inserted : N2AE


Inserted : N2CU


Inserted : N2ED


Inserted : N2FJ


Inserted : N2JJ


Inserted : N2JNZ


Inserted : N2MM


Inserted : N2NC


Inserted : N2NT


Inserted : N2OPW


Inserted : N2SQW


Inserted : N2UN


Inserted : N2UU


Inserted : N2YBB


Inserted : N2ZN


Inserted : N3BM


Inserted : N3DXX


Inserted : N3KR


Inserted : N3LL


Inserted : N3PV


Inserted : N3RC


Inserted : N3RJ


Inserted : N3TG


Inserted : N3UA


Inserted : N3UM


Inserted : N3XL


Inserted : N3XUD


Inserted : N4AAI


Inserted : N4ARO


Inserted : N4BFR


Inserted : N4BP


Inserted : N4DTF


Inserted : N4DU


Inserted : N4DW


Inserted : N4DXI


Inserted : N4GG


Inserted : N4IG


Inserted : N4PN


Inserted : N4SR


Inserted : N4UC


Inserted : N4UEZ


Inserted : N4VV


Inserted : N4XL


Inserted : N4ZZ


Inserted : N5AUS


Inserted : N5HMH


Inserted : N5II


Inserted : N5JB


  Not a Cabrillo file

Failed processing Cabrillo log



Inserted : N5NA


Inserted : N5NK


Inserted : N5OE


Inserted : N5QXT


Inserted : N5TM


Inserted : N5UBL


Inserted : N5UJ


Inserted : N5VWN


Inserted : N5YE


Inserted : N5ZK


Inserted : N5ZO


Inserted : N6A


Inserted : N6AA


Inserted : N6AD


Inserted : N6AJR


Inserted : N6AYU


Inserted : N6BHX


Inserted : N6CK


Inserted : N6CVK


Inserted : N6DA


Inserted : N6DW


Inserted : N6DXM


Inserted : N6EEB


Inserted : N6ENO


Inserted : N6EZS


Inserted : N6F


Inserted : N6FC


Inserted : N6FD


Inserted : N6GL


Inserted : N6GY


Inserted : N6HA


Inserted : N6IE


Inserted : N6IJ


Inserted : N6JBR


Inserted : N6JS


Inserted : N6JV


Inserted : N6KI


Inserted : N6LL


Inserted : N6LY


Inserted : N6M


Inserted : N6MA


Inserted : N6MDV


Inserted : N6MEF


Inserted : N6MI


Inserted : N6MM


Inserted : N6MU


Inserted : N6MW


Inserted : N6NC


Inserted : N6NHI


Inserted : N6NO


Inserted : N6NZ


Inserted : N6O


Inserted : N6OJ


Inserted : N6ORB


Inserted : N6PIA


Inserted : N6PN


Inserted : N6Q


Inserted : N6QQ


Inserted : N6QZS


Inserted : N6RC


Inserted : N6RK


Inserted : N6RSS


Inserted : N6RZR


Inserted : N6TV


  Not a Cabrillo file

Failed processing Cabrillo log



Inserted : N6UWW


Inserted : N6VH


Inserted : N6VOH


Inserted : N6XI


Inserted : N6XT


Inserted : N6YEU


Inserted : N6ZFO


Inserted : N7EIE


Inserted : N7KN


Inserted : N7LR


Inserted : N7MAL


Inserted : N7MZW


Inserted : N7PIB


Inserted : N7QMT


Inserted : N7UR


Inserted : N7VPN


Inserted : N7VS


Inserted : N7YDX


Inserted : N8AMM


Inserted : N8BJQ


Inserted : N8CBW


Inserted : N8DEZ


Inserted : N8XX


Inserted : N9AUG


Inserted : N9FC


Inserted : N9FN


Inserted : N9IH


Inserted : N9VPV


Inserted : N9WEW


Inserted : N9WKW


Inserted : N9WL


Inserted : NA2X


Inserted : NA4BW


Inserted : NA4C


Inserted : NA4K


Inserted : NA6G


Inserted : NA8W


Inserted : NB7O


Inserted : NC6D


Inserted : NC6Q


Inserted : NC6RJ


Inserted : NC6V


Inserted : ND0C


Inserted : ND3D


Inserted : ND3R


Inserted : ND6S


Inserted : NE4RD


Inserted : NE7D


Inserted : NE8J


Inserted : NF0N


Inserted : NF4A


Inserted : NF6Q


Inserted : NF8J


Inserted : NF8M


Inserted : NI0R


Inserted : NI6T


Inserted : NI7R


Inserted : NK5W


Inserted : NK6A


Inserted : NM3S


Inserted : NM5M


Inserted : NN1N


Inserted : NN3V


Inserted : NN6CH


Inserted : NN6DX


Inserted : NN7F


Inserted : NO2D


Inserted : NO5W


Inserted : NO6F


Inserted : NQ2W


Inserted : NR5M


Inserted : NR8R


Inserted : NS4X


Inserted : NS6T


Inserted : NS8O


Inserted : NS9I


Inserted : NT4TS


Inserted : NT7R


Inserted : NU1O


Inserted : NU6C


Inserted : NU6N


Inserted : NU6T


Inserted : NV6C


Inserted : NV9L


Inserted : NV9X


Inserted : NW5Q


Inserted : NY0T


Inserted : NY4S


Inserted : NY6U


Inserted : NZ6Q


Inserted : OK2EC


Inserted : OQ5M


Inserted : PA3ARM


Inserted : PY2NY


Inserted : RG5A


Inserted : RT4RO


Inserted : RW0MM


Inserted : SI5Y


Inserted : SP5SA


Inserted : SP9LJD


Inserted : UA4LCH


Inserted : UA4NE


Inserted : VA2UTC


Inserted : VA3DX


Inserted : VA3EC


Inserted : VA3FN


Inserted : VA3GKO


Inserted : VA3GUY


Inserted : VA3KAI


Inserted : VA3MW


Inserted : VA3OR


Inserted : VA3PAW


Inserted : VA3RJ


Inserted : VA3RKM


Inserted : VA3XH


Inserted : VA3XOV


Inserted : VA3YOJ


Inserted : VA3ZDX


Inserted : VA7AM


Inserted : VA7DXC


Inserted : VA7GAP


Inserted : VA7MM


Inserted : VA7ST


Inserted : VE1BVD


Inserted : VE1RGB


Inserted : VE1ZA


Inserted : VE2AEJ


Inserted : VE2EGN


Inserted : VE2EZD


Inserted : VE2FK


Inserted : VE2KOT


Inserted : VE3AD


Inserted : VE3CX


Inserted : VE3EEU


Inserted : VE3EK


Inserted : VE3EY


Inserted : VE3FJ


Inserted : VE3GSI


Inserted : VE3GTC


Inserted : VE3HG


Inserted : VE3JI


Inserted : VE3KZ


Inserted : VE3NLS


Inserted : VE3NR


Inserted : VE3OM


Inserted : VE3RZ


Inserted : VE3SB


Inserted : VE3TU


Inserted : VE3TW


Inserted : VE3UZ


Inserted : VE3VE


Inserted : VE3WRL


Inserted : VE3ZT


Inserted : VE3ZV


Inserted : VE4EAR


Inserted : VE4YU


Inserted : VE5BCS


Inserted : VE6AO


Inserted : VE6SKY


Inserted : VE6TL


Inserted : VE7AX


Inserted : VE7BC


Inserted : VE7RSV


Inserted : VE7WO


Inserted : VE8DW


Inserted : VE8GER


Inserted : VE9HF


Inserted : VE9OA


Inserted : VY1EI


  Not a Cabrillo file

Failed processing Cabrillo log



Inserted : W0AO


Inserted : W0BH


Inserted : W0BR


Inserted : W0ETT


Inserted : W0HJW


Inserted : W0NFS


Inserted : W0PAN


Inserted : W0PQ


  Not a Cabrillo file

Failed processing Cabrillo log



Inserted : W0ZA


Inserted : W1AJT


Inserted : W1CCE


Inserted : W1CTN


Inserted : W1END


Inserted : W1JQ


Inserted : W1MA


Inserted : W1PL


Inserted : W1TO


Inserted : W1UJ


Inserted : W1WBB


  Not a Cabrillo file

Failed processing Cabrillo log



Inserted : W1WIU


Inserted : W2AJW


Inserted : W2CDO


Inserted : W2CVW


Inserted : W2JU


Inserted : W2LE


Inserted : W2LHL


Inserted : W2OO


Inserted : W2RR


Inserted : W2TB


Inserted : W2WGK


Inserted : W3AG


Inserted : W3DYA


Inserted : W3RP


Inserted : W4AU


Inserted : W4BK


Inserted : W4DUK


Inserted : W4EON


Inserted : W4GDG


Inserted : W4IHI


Inserted : W4JHU


Inserted : W4NBS


Inserted : W4NJK


Inserted : W4NZ


Inserted : W4SHG


Inserted : W4UCZ


Inserted : W4UT


Inserted : W4YDY


Inserted : W5BSX


Inserted : W5DQ


Inserted : W5ESE


Inserted : W5ON


Inserted : W5PQ


Inserted : W5QP


Inserted : W5RAW


Inserted : W5RTA


Inserted : W5TTE


Inserted : W5WJN


Inserted : W5WZ


Inserted : W6ABE


Inserted : W6AF


Inserted : W6AFA


Inserted : W6AMM


Inserted : W6ASP


Inserted : W6AYC


Inserted : W6BHZ


Inserted : W6BO


Inserted : W6BSY


Inserted : W6CT


Inserted : W6DOJ


Inserted : W6DPD


Inserted : W6DR


Inserted : W6EO


Inserted : W6FUV


Inserted : W6GMP


Inserted : W6GMT


Inserted : W6GPM


Inserted : W6GV


Inserted : W6JHB


Inserted : W6JK


Inserted : W6JTI


Inserted : W6JWP


Inserted : W6KY


Inserted : W6LTR


Inserted : W6M


Inserted : W6ML


Inserted : W6NEV


Inserted : W6NF


Inserted : W6NKU


Inserted : W6NWG


Inserted : W6OAT


Inserted : W6ONV


Inserted : W6OSP


Inserted : W6PK


Inserted : W6RFF


Inserted : W6RFU


Inserted : W6RKC


Inserted : W6SF


  Not a Cabrillo file

Failed processing Cabrillo log



Inserted : W6SMT


Inserted : W6SX


Inserted : W6SZN


Inserted : W6TK


Inserted : W6UB


Inserted : W6UE


Inserted : W6USN


Inserted : W6UX


Inserted : W6V


Inserted : W6VNQ


Inserted : W6WW


Inserted : W6XB


Inserted : W6XR


Inserted : W6XU


Inserted : W6YI


Inserted : W6YO


Inserted : W6YOO


Inserted : W6YX


Inserted : W6ZE


Inserted : W6ZQ


Inserted : W7EKG


Inserted : W7GKF


Inserted : W7KAM


Inserted : W7OM


Inserted : W7ON


Inserted : W7POE


Inserted : W7RN


Inserted : W7VJ


Inserted : W7VXS


Inserted : W7WES


Inserted : W7WHY


Inserted : W7WOF


Inserted : W7YMS


Inserted : W8CAG


Inserted : W8CAR


Inserted : W8FN


Inserted : W8IDM


Inserted : W8KNO


Inserted : W8TM


Inserted : W8WTD


Inserted : W9AAC


Inserted : W9AV


Inserted : W9CC


Inserted : W9EWZ


Inserted : W9HB


Inserted : W9ILF


Inserted : W9IU


Inserted : W9OA


Inserted : W9QL


Inserted : W9ROG


Inserted : W9UX


Inserted : W9WE


Inserted : WA0MHJ


Inserted : WA0WWW


Inserted : WA1FCN


Inserted : WA1LWS


Inserted : WA2HIP


Inserted : WA2MBP


Inserted : WA2MCR


Inserted : WA3AAN


Inserted : WA3HAE


Inserted : WA3YTI


Inserted : WA4GQG


Inserted : WA4JA


Inserted : WA5IYX


Inserted : WA5SWN


Inserted : WA5TRX


Inserted : WA5ZUP


Inserted : WA6FGV


Inserted : WA6KEK


Inserted : WA6KHK


Inserted : WA6KYR


Inserted : WA6LCN


Inserted : WA6PWP


Inserted : WA6ST


Inserted : WA7DIA


Inserted : WA7PRC


Inserted : WA7SHP


Inserted : WA9OUE


Inserted : WB0AJS


Inserted : WB2ABD


Inserted : WB3DOM


Inserted : WB4SPB


Inserted : WB4SQ


Inserted : WB5C


Inserted : WB5KIA


Inserted : WB5MEX


Inserted : WB5RYB


Inserted : WB6BET


Inserted : WB6DWP


Inserted : WB6FRZ


Inserted : WB6HVH


Inserted : WB6HYH


Inserted : WB6JJJ


Inserted : WB6L


Inserted : WB7TPH


Inserted : WB8LBZ


Inserted : WB8YQJ


Inserted : WC6H


Inserted : WC7S


Inserted : WC8Z


Inserted : WD0BGZ


Inserted : WD0ECO


Inserted : WD0GTY


Inserted : WD8RYC


Inserted : WE6CW


Inserted : WE6Z


Inserted : WF7T


Inserted : WH7GG


Inserted : WI0WA


Inserted : WI7F


Inserted : WM7Y


Inserted : WN6K


Inserted : WO4O


Inserted : WQ3C


Inserted : WR9Y


Inserted : WU6W


Inserted : WU9B


Inserted : WV6N


Inserted : WV8A


Inserted : WW6D


Inserted : WW7CA


Inserted : WW7D


Inserted : WW8ZZ


Inserted : WW9DX


Inserted : WX4G


Inserted : WX6V


Inserted : WX6ZZ


Inserted : WX7P


Inserted : WZ7Z


Inserted : YO7ARY


Inserted : 6Y6U


Inserted : AA1CA


Inserted : AA2AD


Inserted : AA3B


Inserted : AA3LX


Inserted : AA4GA


Inserted : AA4KD


Inserted : AA4NC


Inserted : AA5CK


Inserted : AA5JG


Inserted : AA6DX


Inserted : AA6EE


Inserted : AA6K


Inserted : AA6PW


Inserted : AA6XV


Inserted : AA7V


Inserted : AA8IA


Inserted : AA8N


Inserted : AB1OD


  Not a Cabrillo file

Failed processing Cabrillo log



Inserted : AB4GG


Inserted : AB4SF


Inserted : AB9OS


Inserted : AC0PP


Inserted : AC5K


Inserted : AC5O


  Not a Cabrillo file

Failed processing Cabrillo log



Inserted : AC8ZX


Inserted : AD4EB


Inserted : AD4L


Inserted : AD6E


Inserted : AD6NR


Inserted : AD6Z


Inserted : AD7KI


Inserted : AD8B


Inserted : AD8J


Inserted : AE1P


Inserted : AE1T


Inserted : AE2NG


Inserted : AE5NO


Inserted : AE5X


Inserted : AE6IC


Inserted : AE6RS


Inserted : AE6Y


Inserted : AF5P


Inserted : AF6DS


Inserted : AF6F


Inserted : AF6IF


Inserted : AF6OP


Inserted : AF6WF


Inserted : AF8A


Inserted : AG5Z


Inserted : AG6AM


Inserted : AG6AY


  Not a Cabrillo file

Failed processing Cabrillo log



Inserted : AG6V


Inserted : AI4DB


Inserted : AI4SV


Inserted : AI4WU


Inserted : AI7AA


Inserted : AI9I


Inserted : AJ1F


Inserted : AJ4KI


Inserted : AL1G


Inserted : CU2JT


Inserted : DF2RG


Inserted : DJ9AO


Inserted : DL4AAE


Inserted : DL4VQ


Inserted : DL5DSM


Inserted : DL5ME


Inserted : DL8USA


Inserted : DM3XI


Inserted : EA3ELZ


Inserted : EA6AZ


Inserted : EC8AFM


Inserted : ES1WST


Inserted : F5IN


Inserted : G4RRA


Inserted : HA1AG


Inserted : JA1MZM


Inserted : JE7YSS


Inserted : JF2BDK


Inserted : JP1HUJ


Inserted : K0AD


Inserted : K0AE


Inserted : K0EU


Inserted : K0FX


Inserted : K0IO


Inserted : K0JPL


Inserted : K0KX


Inserted : K0MPH


Inserted : K0PC


Inserted : K0RC


Inserted : K0UK


Inserted : K0VBU


Inserted : K0VVY


Inserted : K0WIU


Inserted : K0ZR


Inserted : K1GIG


Inserted : K1GU


Inserted : K1IMI


Inserted : K1JB


Inserted : K1NEF


Inserted : K1PQS


Inserted : K1RY


Inserted : K1SXD


Inserted : K1TH


Inserted : K1TN


Inserted : K1XM


Inserted : K1YSY


Inserted : K1ZZI


Inserted : K2ACK


Inserted : K2DG


Inserted : K2EL


Inserted : K2HT


Inserted : K2KR


Inserted : K2LXC


Inserted : K2MK


Inserted : K2MKD


Inserted : K2OWR


Inserted : K2RP


Inserted : K2SSS


Inserted : K3FIV


Inserted : K3GY


Inserted : K3IE


Inserted : K3MD


Inserted : K3ONW


Inserted : K3SV


Inserted : K3TD


Inserted : K3TN


Inserted : K3TW


Inserted : K3WW


Inserted : K4BAI


Inserted : K4BP


Inserted : K4FT


Inserted : K4GOP


Inserted : K4HAL


Inserted : K4JAF


Inserted : K4LTA


Inserted : K4MCK


Inserted : K4MTI


Inserted : K4NP


Inserted : K4OC


Inserted : K4ORD


Inserted : K4OSO


Inserted : K4QPL


Inserted : K4RO


Inserted : K4WW


Inserted : K4ZGB


Inserted : K5AEM


Inserted : K5CM


Inserted : K5DHY


Inserted : K5GQ


Inserted : K5KMS


Inserted : K5LG


Inserted : K5MLC


Inserted : K5OAI


Inserted : K5QQ


Inserted : K5TRI


Inserted : K5WW


Inserted : K6AAB


Inserted : K6AAX


Inserted : K6ANP


Inserted : K6AQL/LANG


Inserted : K6ASK


Inserted : K6ATZ


Inserted : K6BEW


Inserted : K6BF


Inserted : K6BIR


Inserted : K6BR


Inserted : K6BZS


Inserted : K6C


Inserted : K6CQP


Inserted : K6CSL


Inserted : K6CTA


Inserted : K6DEX


  Not a Cabrillo file

Failed processing Cabrillo log



Inserted : K6DKY


Inserted : K6DW


  Not a Cabrillo file

Failed processing Cabrillo log



Inserted : K6EZ


Inserted : K6FA


Inserted : K6FWT


Inserted : K6GEP


Inserted : K6GHA


Inserted : K6GT


Inserted : K6GYL


Inserted : K6HP


Inserted : K6IDX


Inserted : K6III


Inserted : K6ILM


Inserted : K6IP


Inserted : K6JAR


Inserted : K6JAT


Inserted : K6JB


Inserted : K6JRA


Inserted : K6JS


Inserted : K6KAP


Inserted : K6KQV


Inserted : K6KS


Inserted : K6L


Inserted : K6LA


Inserted : K6LJC


Inserted : K6LRN


Inserted : K6LY


Inserted : K6ME


Inserted : K6MLF


Inserted : K6MM


Inserted : K6MMM


Inserted : K6MSM


Inserted : K6MUG


Inserted : K6NA


Inserted : K6NV


Inserted : K6OK


Inserted : K6PJ


Inserted : K6QK


Inserted : K6QQ


Inserted : K6RB


Inserted : K6RC


Inserted : K6RFM


Inserted : K6RIM


Inserted : K6S


Inserted : K6SFK


Inserted : K6THM


Inserted : K6TU


Inserted : K6UD


Inserted : K6UUW


Inserted : K6VO


Inserted : K6VVA


Inserted : K6WC


Inserted : K6WRU


Inserted : K6WV


Inserted : K6XC


Inserted : K6XV


Inserted : K6XX


Inserted : K6YA


Inserted : K6YL


Inserted : K6YR


Inserted : K6YV


Inserted : K6Z


Inserted : K6ZFG


Inserted : K7ACZ


Inserted : K7BG


Inserted : K7DVD


Inserted : K7HBN


Inserted : K7IA


Inserted : K7JAN


Inserted : K7JJ


Inserted : K7JKM


Inserted : K7JQ


Inserted : K7RL


Inserted : K7SCX


Inserted : K7SV


Inserted : K7UT


Inserted : K7WA


Inserted : K7ZG


Inserted : K7ZZZ


Inserted : K8FZY


Inserted : K8GT


Inserted : K8JQ


Inserted : K8KHZ


Inserted : K8MM


Inserted : K8MP


Inserted : K8MR


Inserted : K8NWD


Inserted : K8SEM


Inserted : K8TE


Inserted : K8WDN


Inserted : K9EN


Inserted : K9JM


Inserted : K9JWI


Inserted : K9PMV


Inserted : K9QJS


Inserted : K9RJ


Inserted : K9UIY


Inserted : KA1ARB


Inserted : KA1IOR


Inserted : KA2AAM


Inserted : KA3DRR


Inserted : KA6AIL


Inserted : KA6BIM


Inserted : KA7RRA


Inserted : KB0WSW


Inserted : KB3IPD


  Not a Cabrillo file

Failed processing Cabrillo log



Inserted : KB5DRJ


Inserted : KB7IP


Inserted : KB8OIU


Inserted : KB9AH


Inserted : KB9O


Inserted : KB9S


Inserted : KB9YGD


Inserted : KC0DEB


Inserted : KC0HPM


Inserted : KC0JRW


Inserted : KC0VFP


  Not a Cabrillo file

Failed processing Cabrillo log



Inserted : KC4WQ


Inserted : KC4YBO


Inserted : KC6BSS


Inserted : KC6MIE


Inserted : KC7H


Inserted : KC7V


Inserted : KC8UCH


Inserted : KC9BXX


Inserted : KC9CQX


Inserted : KC9MEA


Inserted : KC9QDO


Inserted : KC9TQR


Inserted : KC9TTR


Inserted : KC9UNL


Inserted : KD0LRG


Inserted : KD0PIO


Inserted : KD2MX


Inserted : KD4ULW


Inserted : KD5J


  Not a Cabrillo file

Failed processing Cabrillo log



Inserted : KD6CUB


Inserted : KD6HNI


Inserted : KD6SMC


Inserted : KD6WKY


Inserted : KD7JET


Inserted : KD7OED


Inserted : KD8CAO


Inserted : KD8GIJ


Inserted : KD8HHG


Inserted : KE1Q


Inserted : KE2VB


Inserted : KE4KE


Inserted : KE5BUS


Inserted : KE5JTS


Inserted : KE5LQ


Inserted : KE6GFI


Inserted : KE6GLA


Inserted : KE6IUE


Inserted : KE6KYI


Inserted : KE6LPO


Inserted : KE6MRG


Inserted : KE6PPE


Inserted : KE6SHL


Inserted : KE6TIM


Inserted : KE6UAR


Inserted : KE6WC


Inserted : KE6ZSN


Inserted : KE9EX


Inserted : KE9I


Inserted : KF0F


Inserted : KF4IRC


Inserted : KF6GUG


Inserted : KF6QXX


Inserted : KF6T


Inserted : KF7GNI


Inserted : KF7PKL


Inserted : KG4CUY


Inserted : KG4W


Inserted : KG4ZXK


Inserted : KG6N


Inserted : KG6NPB


Inserted : KG6PNP


Inserted : KG6TBR


Inserted : KG6TYB


Inserted : KG6UEF


Inserted : KH6LC


Inserted : KH7Y


Inserted : KI0HA


Inserted : KI0I


Inserted : KI6CYT


  Not a Cabrillo file

Failed processing Cabrillo log



Inserted : KI6LAV


Inserted : KI6LZ


Inserted : KI6OY


Inserted : KI6QDH


Inserted : KI6UAQ


Inserted : KI6UDZ


Inserted : KI6WCI


Inserted : KI6WOX


Inserted : KI6ZHD


Inserted : KI6ZON


Inserted : KI7Y


Inserted : KJ4AOM


Inserted : KJ4ERZ


Inserted : KJ4LTA


Inserted : KJ4OAP


Inserted : KJ4VTH


Inserted : KJ4ZPT


Inserted : KJ6BNO


Inserted : KJ6HBY


Inserted : KJ6IXM


Inserted : KJ6KGI


Inserted : KJ6KNK


Inserted : KJ6LBA


Inserted : KJ6LJB


Inserted : KJ6MBW


Inserted : KJ6NLD


Inserted : KJ6NON


  Not a Cabrillo file

Failed processing Cabrillo log



Inserted : KJ6OGE


Inserted : KJ6PVA


Inserted : KJ6RHT


  Not a Cabrillo file

Failed processing Cabrillo log



Inserted : KJ8O


Inserted : KK4CIS


Inserted : KK4CPO


Inserted : KK5JY


Inserted : KK6TV


Inserted : KL2HD


Inserted : KM4RK


Inserted : KM6HB


Inserted : KM6I


Inserted : KN4Y


Inserted : KO4GS


Inserted : KO6JF


Inserted : KO6LU


Inserted : KO7X


Inserted : KQ6AB


Inserted : KQ6ES


Inserted : KQ6RE


Inserted : KR2AA


Inserted : KR6LH


Inserted : KR7C


Inserted : KS4S


Inserted : KS4X


Inserted : KS6M


Inserted : KT4ZB


Inserted : KU5B


Inserted : KU8E


Inserted : KV9W


Inserted : KW3A


Inserted : KX4X


Inserted : KY7M


Inserted : LX1NO


Inserted : LY5A


Inserted : LZ5R


Inserted : N0AX


Inserted : N0HJZ


Inserted : N0JE


Inserted : N0OKS


Inserted : N0ORQ


Inserted : N0TA


Inserted : N0XG


Inserted : N0XW


Inserted : N1CC


Inserted : N1EU


Inserted : N1KR


Inserted : N1KWF


Inserted : N1NN


Inserted : N1OXA


Inserted : N1WC


Inserted : N1XUQ


Inserted : N2AE


Inserted : N2CU


Inserted : N2ED


Inserted : N2FJ


Inserted : N2JJ


Inserted : N2JNZ


Inserted : N2MM


Inserted : N2NC


Inserted : N2NT


Inserted : N2OPW


Inserted : N2SQW


Inserted : N2UN


Inserted : N2UU


Inserted : N2YBB


Inserted : N2ZN


Inserted : N3BM


Inserted : N3DXX


Inserted : N3KR


Inserted : N3LL


Inserted : N3PV


Inserted : N3RC


Inserted : N3RJ


Inserted : N3TG


Inserted : N3UA


Inserted : N3UM


Inserted : N3XL


Inserted : N3XUD


Inserted : N4AAI


Inserted : N4ARO


Inserted : N4BFR


Inserted : N4BP


Inserted : N4DTF


Inserted : N4DU


Inserted : N4DW


Inserted : N4DXI


Inserted : N4GG


Inserted : N4IG


Inserted : N4PN


Inserted : N4SR


Inserted : N4UC


Inserted : N4UEZ


Inserted : N4VV


Inserted : N4XL


Inserted : N4ZZ


Inserted : N5AUS


Inserted : N5HMH


Inserted : N5II


Inserted : N5JB


  Not a Cabrillo file

Failed processing Cabrillo log



Inserted : N5NA


Inserted : N5NK


Inserted : N5OE


Inserted : N5QXT


Inserted : N5TM


Inserted : N5UBL


Inserted : N5UJ


Inserted : N5VWN


Inserted : N5YE


Inserted : N5ZK


Inserted : N5ZO


Inserted : N6A


Inserted : N6AA


Inserted : N6AD


Inserted : N6AJR


Inserted : N6AYU


Inserted : N6BHX


Inserted : N6CK


Inserted : N6CVK


Inserted : N6DA


Inserted : N6DW


Inserted : N6DXM


Inserted : N6EEB


Inserted : N6ENO


Inserted : N6EZS


Inserted : N6F


Inserted : N6FC


Inserted : N6FD


Inserted : N6GL


Inserted : N6GY


Inserted : N6HA


Inserted : N6IE


Inserted : N6IJ


Inserted : N6JBR


Inserted : N6JS


Inserted : N6JV


Inserted : N6KI


Inserted : N6LL


Inserted : N6LY


Inserted : N6M


Inserted : N6MA


Inserted : N6MDV


Inserted : N6MEF


Inserted : N6MI


Inserted : N6MM


Inserted : N6MU


Inserted : N6MW


Inserted : N6NC


Inserted : N6NHI


Inserted : N6NO


Inserted : N6NZ


Inserted : N6O


Inserted : N6OJ


Inserted : N6ORB


Inserted : N6PIA


Inserted : N6PN


Inserted : N6Q


Inserted : N6QQ


Inserted : N6QZS


Inserted : N6RC


Inserted : N6RK


Inserted : N6RSS


Inserted : N6RZR


Inserted : N6TV


  Not a Cabrillo file

Failed processing Cabrillo log



Inserted : N6UWW


Inserted : N6VH


Inserted : N6VOH


Inserted : N6XI


Inserted : N6XT


Inserted : N6YEU


Inserted : N6ZFO


Inserted : N7EIE


Inserted : N7KN


Inserted : N7LR


Inserted : N7MAL


Inserted : N7MZW


Inserted : N7PIB


Inserted : N7QMT


Inserted : N7UR


Inserted : N7VPN


Inserted : N7VS


Inserted : N7YDX


Inserted : N8AMM


Inserted : N8BJQ


Inserted : N8CBW


Inserted : N8DEZ


Inserted : N8XX


Inserted : N9AUG


Inserted : N9FC


Inserted : N9FN


Inserted : N9IH


Inserted : N9VPV


Inserted : N9WEW


Inserted : N9WKW


Inserted : N9WL


Inserted : NA2X


Inserted : NA4BW


Inserted : NA4C


Inserted : NA4K


Inserted : NA6G


Inserted : NA8W


Inserted : NB7O


Inserted : NC6D


Inserted : NC6Q


Inserted : NC6RJ


Inserted : NC6V


Inserted : ND0C


Inserted : ND3D


Inserted : ND3R


Inserted : ND6S


Inserted : NE4RD


Inserted : NE7D


Inserted : NE8J


Inserted : NF0N


Inserted : NF4A


Inserted : NF6Q


Inserted : NF8J


Inserted : NF8M


Inserted : NI0R


Inserted : NI6T


Inserted : NI7R


Inserted : NK5W


Inserted : NK6A


Inserted : NM3S


Inserted : NM5M


Inserted : NN1N


Inserted : NN3V


Inserted : NN6CH


Inserted : NN6DX


Inserted : NN7F


Inserted : NO2D


Inserted : NO5W


Inserted : NO6F


Inserted : NQ2W


Inserted : NR5M


Inserted : NR8R


Inserted : NS4X


Inserted : NS6T


Inserted : NS8O


Inserted : NS9I


Inserted : NT4TS


Inserted : NT7R


Inserted : NU1O


Inserted : NU6C


Inserted : NU6N


Inserted : NU6T


Inserted : NV6C


Inserted : NV9L


Inserted : NV9X


Inserted : NW5Q


Inserted : NY0T


Inserted : NY4S


Inserted : NY6U


Inserted : NZ6Q


Inserted : OK2EC


Inserted : OQ5M


Inserted : PA3ARM


Inserted : PY2NY


Inserted : RG5A


Inserted : RT4RO


Inserted : RW0MM


Inserted : SI5Y


Inserted : SP5SA


Inserted : SP9LJD


Inserted : UA4LCH


Inserted : UA4NE


Inserted : VA2UTC


Inserted : VA3DX


Inserted : VA3EC


Inserted : VA3FN


Inserted : VA3GKO


Inserted : VA3GUY


Inserted : VA3KAI


Inserted : VA3MW


Inserted : VA3OR


Inserted : VA3PAW


Inserted : VA3RJ


Inserted : VA3RKM


Inserted : VA3XH


Inserted : VA3XOV


Inserted : VA3YOJ


Inserted : VA3ZDX


Inserted : VA7AM


Inserted : VA7DXC


Inserted : VA7GAP


Inserted : VA7MM


Inserted : VA7ST


Inserted : VE1BVD


Inserted : VE1RGB


Inserted : VE1ZA


Inserted : VE2AEJ


Inserted : VE2EGN


Inserted : VE2EZD


Inserted : VE2FK


Inserted : VE2KOT


Inserted : VE3AD


Inserted : VE3CX


Inserted : VE3EEU


Inserted : VE3EK


Inserted : VE3EY


Inserted : VE3FJ


Inserted : VE3GSI


Inserted : VE3GTC


Inserted : VE3HG


Inserted : VE3JI


Inserted : VE3KZ


Inserted : VE3NLS


Inserted : VE3NR


Inserted : VE3OM


Inserted : VE3RZ


Inserted : VE3SB


Inserted : VE3TU


Inserted : VE3TW


Inserted : VE3UZ


Inserted : VE3VE


Inserted : VE3WRL


Inserted : VE3ZT


Inserted : VE3ZV


Inserted : VE4EAR


Inserted : VE4YU


Inserted : VE5BCS


Inserted : VE6AO


Inserted : VE6SKY


Inserted : VE6TL


Inserted : VE7AX


Inserted : VE7BC


Inserted : VE7RSV


Inserted : VE7WO


Inserted : VE8DW


Inserted : VE8GER


Inserted : VE9HF


Inserted : VE9OA


Inserted : VY1EI


  Not a Cabrillo file

Failed processing Cabrillo log



Inserted : W0AO


Inserted : W0BH


Inserted : W0BR


Inserted : W0ETT


Inserted : W0HJW


Inserted : W0NFS


Inserted : W0PAN


Inserted : W0PQ


  Not a Cabrillo file

Failed processing Cabrillo log



Inserted : W0ZA


Inserted : W1AJT


Inserted : W1CCE


Inserted : W1CTN


Inserted : W1END


Inserted : W1JQ


Inserted : W1MA


Inserted : W1PL


Inserted : W1TO


Inserted : W1UJ


Inserted : W1WBB


  Not a Cabrillo file

Failed processing Cabrillo log



Inserted : W1WIU


Inserted : W2AJW


Inserted : W2CDO


Inserted : W2CVW


Inserted : W2JU


Inserted : W2LE


Inserted : W2LHL


Inserted : W2OO


Inserted : W2RR


Inserted : W2TB


Inserted : W2WGK


Inserted : W3AG


Inserted : W3DYA


Inserted : W3RP


Inserted : W4AU


Inserted : W4BK


Inserted : W4DUK


Inserted : W4EON


Inserted : W4GDG


Inserted : W4IHI


Inserted : W4JHU


Inserted : W4NBS


Inserted : W4NJK


Inserted : W4NZ


Inserted : W4SHG


Inserted : W4UCZ


Inserted : W4UT


Inserted : W4YDY


Inserted : W5BSX


Inserted : W5DQ


Inserted : W5ESE


Inserted : W5ON


Inserted : W5PQ


Inserted : W5QP


Inserted : W5RAW


Inserted : W5RTA


Inserted : W5TTE


Inserted : W5WJN


Inserted : W5WZ


Inserted : W6ABE


Inserted : W6AF


Inserted : W6AFA


Inserted : W6AMM


Inserted : W6ASP


Inserted : W6AYC


Inserted : W6BHZ


Inserted : W6BO


Inserted : W6BSY


Inserted : W6CT


Inserted : W6DOJ


Inserted : W6DPD


Inserted : W6DR


Inserted : W6EO


Inserted : W6FUV


Inserted : W6GMP


Inserted : W6GMT


Inserted : W6GPM


Inserted : W6GV


Inserted : W6JHB


Inserted : W6JK


Inserted : W6JTI


Inserted : W6JWP


Inserted : W6KY


Inserted : W6LTR


Inserted : W6M


Inserted : W6ML


Inserted : W6NEV


Inserted : W6NF


Inserted : W6NKU


Inserted : W6NWG


Inserted : W6OAT


Inserted : W6ONV


Inserted : W6OSP


Inserted : W6PK


Inserted : W6RFF


Inserted : W6RFU


Inserted : W6RKC


Inserted : W6SF


  Not a Cabrillo file

Failed processing Cabrillo log



Inserted : W6SMT


Inserted : W6SX


Inserted : W6SZN


Inserted : W6TK


Inserted : W6UB


Inserted : W6UE


Inserted : W6USN


Inserted : W6UX


Inserted : W6V


Inserted : W6VNQ


Inserted : W6WW


Inserted : W6XB


Inserted : W6XR


Inserted : W6XU


Inserted : W6YI


Inserted : W6YO


Inserted : W6YOO


Inserted : W6YX


Inserted : W6ZE


Inserted : W6ZQ


Inserted : W7EKG


Inserted : W7GKF


Inserted : W7KAM


Inserted : W7OM


Inserted : W7ON


Inserted : W7POE


Inserted : W7RN


Inserted : W7VJ


Inserted : W7VXS


Inserted : W7WES


Inserted : W7WHY


Inserted : W7WOF


Inserted : W7YMS


Inserted : W8CAG


Inserted : W8CAR


Inserted : W8FN


Inserted : W8IDM


Inserted : W8KNO


Inserted : W8TM


Inserted : W8WTD


Inserted : W9AAC


Inserted : W9AV


Inserted : W9CC


Inserted : W9EWZ


Inserted : W9HB


Inserted : W9ILF


Inserted : W9IU


Inserted : W9OA


Inserted : W9QL


Inserted : W9ROG


Inserted : W9UX


Inserted : W9WE


Inserted : WA0MHJ


Inserted : WA0WWW


Inserted : WA1FCN


Inserted : WA1LWS


Inserted : WA2HIP


Inserted : WA2MBP


Inserted : WA2MCR


Inserted : WA3AAN


Inserted : WA3HAE


Inserted : WA3YTI


Inserted : WA4GQG


Inserted : WA4JA


Inserted : WA5IYX


Inserted : WA5SWN


Inserted : WA5TRX


Inserted : WA5ZUP


Inserted : WA6FGV


Inserted : WA6KEK


Inserted : WA6KHK


Inserted : WA6KYR


Inserted : WA6LCN


Inserted : WA6PWP


Inserted : WA6ST


Inserted : WA7DIA


Inserted : WA7PRC


Inserted : WA7SHP


Inserted : WA9OUE


Inserted : WB0AJS


Inserted : WB2ABD


Inserted : WB3DOM


Inserted : WB4SPB


Inserted : WB4SQ


Inserted : WB5C


Inserted : WB5KIA


Inserted : WB5MEX


Inserted : WB5RYB


Inserted : WB6BET


Inserted : WB6DWP


Inserted : WB6FRZ


Inserted : WB6HVH


Inserted : WB6HYH


Inserted : WB6JJJ


Inserted : WB6L


Inserted : WB7TPH


Inserted : WB8LBZ


Inserted : WB8YQJ


Inserted : WC6H


Inserted : WC7S


Inserted : WC8Z


Inserted : WD0BGZ


Inserted : WD0ECO


Inserted : WD0GTY


Inserted : WD8RYC


Inserted : WE6CW


Inserted : WE6Z


Inserted : WF7T


Inserted : WH7GG


Inserted : WI0WA


Inserted : WI7F


Inserted : WM7Y


Inserted : WN6K


Inserted : WO4O


Inserted : WQ3C


Inserted : WR9Y


Inserted : WU6W


Inserted : WU9B


Inserted : WV6N


Inserted : WV8A


Inserted : WW6D


Inserted : WW7CA


Inserted : WW7D


Inserted : WW8ZZ


Inserted : WW9DX


Inserted : WX4G


Inserted : WX6V


Inserted : WX6ZZ


Inserted : WX7P


Inserted : WZ7Z


Inserted : YO7ARY
